2023-06-11 19:35:33,135 INFO org.hibernate.validator.internal.util.Version [background-preinit] HV000001: Hibernate Validator 6.2.5.Final
2023-06-11 19:35:33,150 INFO com.mycompany.propertymanagement.PropertyManagementApplication [main] Starting PropertyManagementApplication using Java 17.0.3.1 on Admin-PC with PID 7700 (E:\projects\property-management\target\classes started by Admin in E:\projects\property-management)
2023-06-11 19:35:33,156 INFO com.mycompany.propertymanagement.PropertyManagementApplication [main] The following 1 profile is active: "dev"
2023-06-11 19:35:41,426 INFO org.springframework.data.repository.config.RepositoryConfigurationDelegate [main] Bootstrapping Spring Data JPA repositories in DEFAULT mode.
2023-06-11 19:35:41,631 INFO org.springframework.data.repository.config.RepositoryConfigurationDelegate [main] Finished Spring Data repository scanning in 176 ms. Found 2 JPA repository interfaces.
2023-06-11 19:35:44,268 INFO org.springframework.boot.web.embedded.tomcat.TomcatWebServer [main] Tomcat initialized with port(s): 8080 (http)
2023-06-11 19:35:44,306 INFO org.apache.coyote.http11.Http11NioProtocol [main] Initializing ProtocolHandler ["http-nio-8080"]
2023-06-11 19:35:44,307 INFO org.apache.catalina.core.StandardService [main] Starting service [Tomcat]
2023-06-11 19:35:44,307 INFO org.apache.catalina.core.StandardEngine [main] Starting Servlet engine: [Apache Tomcat/9.0.75]
2023-06-11 19:35:44,654 INFO org.apache.catalina.core.ContainerBase.[Tomcat].[localhost].[/] [main] Initializing Spring embedded WebApplicationContext
2023-06-11 19:35:44,655 INFO org.springframework.boot.web.servlet.context.ServletWebServerApplicationContext [main] Root WebApplicationContext: initialization completed in 11226 ms
2023-06-11 19:35:45,375 INFO org.hibernate.jpa.internal.util.LogHelper [main] HHH000204: Processing PersistenceUnitInfo [name: default]
2023-06-11 19:35:45,563 INFO org.hibernate.Version [main] HHH000412: Hibernate ORM core version 5.6.15.Final
2023-06-11 19:35:46,907 INFO org.hibernate.annotations.common.Version [main] HCANN000001: Hibernate Commons Annotations {5.1.2.Final}
2023-06-11 19:35:47,401 INFO com.zaxxer.hikari.HikariDataSource [main] HikariPool-1 - Starting...
2023-06-11 19:35:51,939 INFO com.zaxxer.hikari.HikariDataSource [main] HikariPool-1 - Start completed.
2023-06-11 19:35:52,017 INFO org.hibernate.dialect.Dialect [main] HHH000400: Using dialect: org.hibernate.dialect.MySQL5Dialect
2023-06-11 19:35:57,058 INFO org.hibernate.engine.transaction.jta.platform.internal.JtaPlatformInitiator [main] HHH000490: Using JtaPlatform implementation: [org.hibernate.engine.transaction.jta.platform.internal.NoJtaPlatform]
2023-06-11 19:35:57,101 INFO org.springframework.orm.jpa.LocalContainerEntityManagerFactoryBean [main] Initialized JPA EntityManagerFactory for persistence unit 'default'
2023-06-11 19:35:59,088 WARN org.springframework.boot.autoconfigure.orm.jpa.JpaBaseConfiguration$JpaWebConfiguration [main] spring.jpa.open-in-view is enabled by default. Therefore, database queries may be performed during view rendering. Explicitly configure spring.jpa.open-in-view to disable this warning
2023-06-11 19:36:02,020 INFO org.apache.coyote.http11.Http11NioProtocol [main] Starting ProtocolHandler ["http-nio-8080"]
2023-06-11 19:36:02,167 INFO org.springframework.boot.web.embedded.tomcat.TomcatWebServer [main] Tomcat started on port(s): 8080 (http) with context path ''
2023-06-11 19:36:02,211 INFO com.mycompany.propertymanagement.PropertyManagementApplication [main] Started PropertyManagementApplication in 30.673 seconds (JVM running for 33.066)
2023-06-11 19:36:38,710 INFO org.apache.catalina.core.ContainerBase.[Tomcat].[localhost].[/] [http-nio-8080-exec-3] Initializing Spring DispatcherServlet 'dispatcherServlet'
2023-06-11 19:36:38,711 INFO org.springframework.web.servlet.DispatcherServlet [http-nio-8080-exec-3] Initializing Servlet 'dispatcherServlet'
2023-06-11 19:36:38,713 INFO org.springframework.web.servlet.DispatcherServlet [http-nio-8080-exec-3] Completed initialization in 2 ms
2023-06-11 19:36:39,340 INFO com.mycompany.propertymanagement.exception.CustomExceptionHandler [http-nio-8080-exec-3] Inside Field validation:ownerEmail - Owner Email is mandatory
2023-06-11 19:36:39,341 INFO com.mycompany.propertymanagement.exception.CustomExceptionHandler [http-nio-8080-exec-3] Inside Field validation:ownerEmail - OwnerEmail cannot be empty
2023-06-11 19:36:39,344 INFO com.mycompany.propertymanagement.exception.CustomExceptionHandler [http-nio-8080-exec-3] Inside Field validation:password - Password cannot be null
2023-06-11 19:36:39,344 INFO com.mycompany.propertymanagement.exception.CustomExceptionHandler [http-nio-8080-exec-3] Inside Field validation:password - Password cannot be empty
2023-06-11 19:38:23,376 INFO com.mycompany.propertymanagement.exception.CustomExceptionHandler [http-nio-8080-exec-7] Bussiness Exception is thrown - level-info:Email_Already_Exist - User already Register with this email
2023-06-11 19:38:23,376 WARN com.mycompany.propertymanagement.exception.CustomExceptionHandler [http-nio-8080-exec-7] Bussiness Exception is thrown - level-warn:Email_Already_Exist - User already Register with this email
2023-06-11 19:38:23,376 ERROR com.mycompany.propertymanagement.exception.CustomExceptionHandler [http-nio-8080-exec-7] Bussiness Exception is thrown - level-error:Email_Already_Exist - User already Register with this email
